2026-03-10 09:46:59,259 - INFO - inicando pipeline
2026-03-10 09:47:17,693 - ERROR - $ENMT4.SA: possibly delisted; no price data found  (period=5d)
2026-03-10 09:47:21,066 - ERROR - $C2GN34.SA: possibly delisted; no price data found  (period=5d)
2026-03-10 09:47:25,789 - ERROR - $L1YV34.SA: possibly delisted; no price data found  (period=5d)
2026-03-10 09:47:28,690 - ERROR - $D2OC34.SA: possibly delisted; no price data found  (period=5d)
2026-03-10 09:47:30,571 - ERROR - $SNSY3.SA: possibly delisted; no price data found  (period=5d)
2026-03-10 09:48:01,079 - ERROR - $FIGE3.SA: possibly delisted; no price data found  (period=5d)
2026-03-10 09:48:03,287 - ERROR - $TSNF34.SA: possibly delisted; no price data found  (period=5d)
2026-03-10 09:48:03,561 - ERROR - $FMSC34.SA: possibly delisted; no price data found  (period=5d)
2026-03-10 09:48:09,257 - ERROR - $CRPG3.SA: possibly delisted; no price data found  (period=5d)
2026-03-10 09:48:13,039 - ERROR - $P2ST34.SA: possibly delisted; no price data found  (period=5d)
2026-03-10 09:48:19,104 - ERROR - $I2RS34.SA: possibly delisted; no price data found  (period=5d)
2026-03-10 09:48:36,461 - ERROR - $V1NO34.SA: possibly delisted; no price data found  (period=5d)
2026-03-10 09:48:37,016 - ERROR - $PATI3.SA: possibly delisted; no price data found  (period=5d)
2026-03-10 09:48:38,210 - ERROR - $AWII34.SA: possibly delisted; no price data found  (period=5d)
2026-03-10 09:48:42,178 - ERROR - $PEAB4.SA: possibly delisted; no price data found  (period=5d)
2026-03-10 09:48:43,717 - ERROR - $B1MR34.SA: possibly delisted; no price data found  (period=5d)
2026-03-10 09:48:52,134 - ERROR - $B1ME34.SA: possibly delisted; no price data found  (period=5d)
2026-03-10 09:48:54,815 - ERROR - $M1SI34.SA: possibly delisted; no price data found  (period=5d)
2026-03-10 09:48:56,669 - ERROR - $PLAS3.SA: possibly delisted; no price data found  (period=5d)
2026-03-10 09:49:02,514 - ERROR - $G1RM34.SA: possibly delisted; no price data found  (period=5d)
2026-03-10 09:49:05,603 - ERROR - $D1RI34.SA: possibly delisted; no price data found  (period=5d)
2026-03-10 09:49:08,151 - ERROR - $CTSA4.SA: possibly delisted; no price data found  (period=5d)
2026-03-10 09:49:14,308 - ERROR - $J2WA34.SA: possibly delisted; no price data found  (period=5d)
2026-03-10 09:49:19,729 - ERROR - $CTSA3.SA: possibly delisted; no price data found  (period=5d)
2026-03-10 09:49:30,141 - ERROR - $J2AZ34.SA: possibly delisted; no price data found  (period=5d)
2026-03-10 09:49:39,186 - ERROR - $CGAS3.SA: possibly delisted; no price data found  (period=5d)
2026-03-10 09:49:46,197 - ERROR - $L1EG34.SA: possibly delisted; no price data found  (period=5d)
2026-03-10 09:49:47,116 - ERROR - $I1LM34.SA: possibly delisted; no price data found  (period=5d)
2026-03-10 09:49:51,295 - ERROR - $H1ST34.SA: possibly delisted; no price data found  (period=5d)
2026-03-10 09:50:02,731 - ERROR - $P2OD34.SA: possibly delisted; no price data found  (period=5d)
2026-03-10 09:50:08,848 - ERROR - $T1EV34.SA: possibly delisted; no price data found  (period=5d)
2026-03-10 09:50:12,829 - ERROR - $PHGN34.SA: possibly delisted; no price data found  (period=5d)
2026-03-10 09:50:14,121 - ERROR - $EQPA5.SA: possibly delisted; no price data found  (period=5d)
2026-03-10 09:50:15,721 - ERROR - $TKNO3.SA: possibly delisted; no price data found  (period=5d)
2026-03-10 09:50:16,239 - ERROR - $P1AC34.SA: possibly delisted; no price data found  (period=5d)
2026-03-10 09:50:27,862 - ERROR - $C1HR34.SA: possibly delisted; no price data found  (period=5d)
2026-03-10 09:50:29,458 - ERROR - $PNCS34.SA: possibly delisted; no price data found  (period=5d)
2026-03-10 09:50:30,494 - ERROR - $P2CY34.SA: possibly delisted; no price data found  (period=5d)
2026-03-10 09:50:35,866 - ERROR - $CEEB5.SA: possibly delisted; no price data found  (period=5d)
2026-03-10 09:53:53,144 - INFO - inicando pipeline
2026-03-10 09:53:54,389 - INFO - 867 Ativos encontrados para análise.
2026-03-10 10:01:09,033 - INFO - 0 empresas coletadas com dados fundamentalistas.
2026-03-10 10:01:09,033 - INFO - 0 empresas com dados válidos após validaçăo.
2026-03-10 10:16:06,151 - INFO - inicando pipeline
2026-03-10 10:16:07,496 - INFO - 938 Ativos encontrados para análise.
2026-03-10 10:16:21,570 - ERROR - $B1MR34.SA: possibly delisted; no price data found  (period=5d)
2026-03-10 10:16:22,000 - ERROR - $S1SN34.SA: possibly delisted; no price data found  (period=5d)
2026-03-10 10:16:22,886 - ERROR - $C2GN34.SA: possibly delisted; no price data found  (period=5d)
2026-03-10 10:16:25,239 - ERROR - $T1EV34.SA: possibly delisted; no price data found  (period=5d)
2026-03-10 10:16:29,070 - ERROR - $BDLL3.SA: possibly delisted; no price data found  (period=5d)
2026-03-10 10:16:32,611 - ERROR - $C1NP34.SA: possibly delisted; no price data found  (period=5d)
2026-03-10 10:16:41,687 - ERROR - $P2OD34.SA: possibly delisted; no price data found  (period=5d)
2026-03-10 10:16:44,792 - ERROR - $F2IV34.SA: possibly delisted; no price data found  (period=5d)
2026-03-10 10:16:46,964 - ERROR - $I1LM34.SA: possibly delisted; no price data found  (period=5d)
2026-03-10 10:16:57,167 - ERROR - $L1HX34.SA: possibly delisted; no price data found  (period=5d)
2026-03-10 10:16:57,483 - ERROR - $G1RM34.SA: possibly delisted; no price data found  (period=5d)
2026-03-10 10:16:58,766 - ERROR - $O1KE34.SA: possibly delisted; no price data found  (period=5d)
2026-03-10 10:16:59,315 - ERROR - $CTSA4.SA: possibly delisted; no price data found  (period=5d)
2026-03-10 10:17:01,761 - ERROR - $P2CY34.SA: possibly delisted; no price data found  (period=5d)
2026-03-10 10:17:03,974 - ERROR - $CEEB5.SA: possibly delisted; no price data found  (period=5d)
2026-03-10 10:17:06,026 - ERROR - $D2OC34.SA: possibly delisted; no price data found  (period=5d)
2026-03-10 10:17:09,076 - ERROR - $V1NO34.SA: possibly delisted; no price data found  (period=5d)
2026-03-10 10:17:09,826 - ERROR - $J2AZ34.SA: possibly delisted; no price data found  (period=5d)
2026-03-10 10:17:11,783 - ERROR - $P2ST34.SA: possibly delisted; no price data found  (period=5d)
2026-03-10 10:17:13,086 - ERROR - $AHEB3.SA: possibly delisted; no price data found  (period=5d)
2026-03-10 10:17:18,747 - ERROR - $L1YV34.SA: possibly delisted; no price data found  (period=5d)
2026-03-10 10:17:22,040 - ERROR - $P2TC34.SA: possibly delisted; no price data found  (period=5d)
2026-03-10 10:17:25,086 - ERROR - $HBTS5.SA: possibly delisted; no price data found  (period=5d)
2026-03-10 10:17:25,222 - ERROR - $H1TH34.SA: possibly delisted; no price data found  (period=5d)
2026-03-10 10:17:27,377 - ERROR - $R1SG34.SA: possibly delisted; no price data found  (period=5d)
2026-03-10 10:17:32,395 - ERROR - $E1SS34.SA: possibly delisted; no price data found  (period=5d)
2026-03-10 10:17:33,185 - ERROR - $M1LC34.SA: possibly delisted; no price data found  (period=5d)
2026-03-10 10:17:34,217 - ERROR - $R1MD34.SA: possibly delisted; no price data found  (period=5d)
2026-03-10 10:17:35,713 - ERROR - $COCE3.SA: possibly delisted; no price data found  (period=5d)
2026-03-10 10:17:37,888 - ERROR - $FIGE3.SA: possibly delisted; no price data found  (period=5d)
2026-03-10 10:17:40,342 - ERROR - $A1ON34.SA: possibly delisted; no price data found  (period=5d)
2026-03-10 10:17:42,388 - ERROR - $C2EM34.SA: possibly delisted; no price data found  (period=5d)
2026-03-10 10:17:45,002 - ERROR - $B1ME34.SA: possibly delisted; no price data found  (period=5d)
2026-03-10 10:17:47,742 - ERROR - $E1MN34.SA: possibly delisted; no price data found  (period=5d)
2026-03-10 10:17:49,242 - ERROR - $CRPG3.SA: possibly delisted; no price data found  (period=5d)
2026-03-10 10:17:49,933 - ERROR - $N1XP34.SA: possibly delisted; no price data found  (period=5d)
2026-03-10 10:17:50,193 - ERROR - $L1EG34.SA: possibly delisted; no price data found  (period=5d)
2026-03-10 10:17:53,076 - ERROR - $X1YL34.SA: possibly delisted; no price data found  (period=5d)
2026-03-10 10:17:53,477 - ERROR - $PLAS3.SA: possibly delisted; no price data found  (period=5d)
2026-03-10 10:17:56,557 - ERROR - $A1ME34.SA: possibly delisted; no price data found  (period=5d)
2026-03-10 10:17:56,709 - ERROR - $PATI3.SA: possibly delisted; no price data found  (period=5d)
2026-03-10 10:17:58,160 - ERROR - $CTSA3.SA: possibly delisted; no price data found  (period=5d)
2026-03-10 10:18:00,528 - ERROR - $TSNF34.SA: possibly delisted; no price data found  (period=5d)
2026-03-10 10:21:28,311 - INFO - 441 empresas coletadas com dados fundamentalistas.
2026-03-10 10:21:28,327 - INFO - 330 empresas com dados válidos após validaçăo.
2026-03-10 10:22:59,783 - INFO - Gerando site...
2026-03-10 10:29:34,644 - INFO - inicando pipeline
2026-03-10 10:29:36,121 - INFO - 896 Ativos encontrados para análise.
2026-03-10 10:29:42,149 - ERROR - $HBTS5.SA: possibly delisted; no price data found  (period=5d)
2026-03-10 10:29:53,374 - ERROR - $SNSY3.SA: possibly delisted; no price data found  (period=5d)
2026-03-10 10:29:57,618 - ERROR - $P2CY34.SA: possibly delisted; no price data found  (period=5d)
2026-03-10 10:30:02,980 - ERROR - $ENMT4.SA: possibly delisted; no price data found  (period=5d)
2026-03-10 10:30:03,745 - ERROR - $C2EM34.SA: possibly delisted; no price data found  (period=5d)
2026-03-10 10:30:05,162 - ERROR - $V2RN34.SA: possibly delisted; no price data found  (period=5d)
2026-03-10 10:30:08,867 - ERROR - $FMSC34.SA: possibly delisted; no price data found  (period=5d)
2026-03-10 10:30:09,557 - ERROR - $I1PC34.SA: possibly delisted; no price data found  (period=5d)
2026-03-10 10:30:14,613 - ERROR - $L1HX34.SA: possibly delisted; no price data found  (period=5d)
2026-03-10 10:30:24,284 - ERROR - $TKNO3.SA: possibly delisted; no price data found  (period=5d)
2026-03-10 10:30:27,431 - ERROR - $BDLL3.SA: possibly delisted; no price data found  (period=5d)
2026-03-10 10:30:28,880 - ERROR - $SOND6.SA: possibly delisted; no price data found  (period=5d)
2026-03-10 10:30:38,869 - ERROR - $L1EG34.SA: possibly delisted; no price data found  (period=5d)
2026-03-10 10:30:44,965 - ERROR - $A1RC34.SA: possibly delisted; no price data found  (period=5d)
2026-03-10 10:30:45,663 - ERROR - $P2TC34.SA: possibly delisted; no price data found  (period=5d)
2026-03-10 10:30:47,628 - ERROR - $BHVN34.SA: possibly delisted; no price data found  (period=5d)
2026-03-10 10:30:55,348 - ERROR - $P1UK34.SA: possibly delisted; no price data found  (period=5d)
2026-03-10 10:30:57,766 - ERROR - $J2WA34.SA: possibly delisted; no price data found  (period=5d)
2026-03-10 10:30:59,175 - ERROR - $P2ST34.SA: possibly delisted; no price data found  (period=5d)
2026-03-10 10:31:01,425 - ERROR - $CPAY34.SA: possibly delisted; no price data found  (period=5d)
2026-03-10 10:31:03,773 - ERROR - $I1LM34.SA: possibly delisted; no price data found  (period=5d)
2026-03-10 10:31:06,113 - ERROR - $L1YV34.SA: possibly delisted; no price data found  (period=5d)
2026-03-10 10:31:08,386 - ERROR - $H1TH34.SA: possibly delisted; no price data found  (period=5d)
2026-03-10 10:31:09,514 - ERROR - $CTKA3.SA: possibly delisted; no price data found  (period=5d)
2026-03-10 10:31:12,707 - ERROR - $D2OC34.SA: possibly delisted; no price data found  (period=5d)
2026-03-10 10:31:14,559 - ERROR - $I2NG34.SA: possibly delisted; no price data found  (period=5d)
2026-03-10 10:31:14,728 - ERROR - $E1SS34.SA: possibly delisted; no price data found  (period=5d)
2026-03-10 10:31:20,209 - ERROR - $PLAS3.SA: possibly delisted; no price data found  (period=5d)
2026-03-10 10:31:21,001 - ERROR - $CTSA3.SA: possibly delisted; no price data found  (period=5d)
2026-03-10 10:31:22,344 - ERROR - $CGAS3.SA: possibly delisted; no price data found  (period=5d)
2026-03-10 10:31:27,998 - ERROR - $CRPG3.SA: possibly delisted; no price data found  (period=5d)
2026-03-10 10:31:32,677 - ERROR - $AWII34.SA: possibly delisted; no price data found  (period=5d)
2026-03-10 10:31:35,146 - ERROR - $PEAB3.SA: possibly delisted; no price data found  (period=5d)
2026-03-10 10:31:37,077 - ERROR - $EQPA5.SA: possibly delisted; no price data found  (period=5d)
2026-03-10 10:31:38,103 - ERROR - $PNCS34.SA: possibly delisted; no price data found  (period=5d)
2026-03-10 10:33:16,316 - ERROR - HTTP Error 401: {"finance":{"result":null,"error":{"code":"Unauthorized","description":"Invalid Crumb"}}}
2026-03-10 10:33:16,502 - ERROR - HTTP Error 401: {"finance":{"result":null,"error":{"code":"Unauthorized","description":"Invalid Crumb"}}}
2026-03-10 10:33:16,780 - ERROR - HTTP Error 401: {"finance":{"result":null,"error":{"code":"Unauthorized","description":"Invalid Crumb"}}}
2026-03-10 10:33:16,980 - ERROR - HTTP Error 401: {"finance":{"result":null,"error":{"code":"Unauthorized","description":"User is unable to access this feature - https://bit.ly/yahoo-finance-api-feedback"}}}
2026-03-10 10:33:51,197 - INFO - 456 empresas coletadas com dados fundamentalistas.
2026-03-10 10:33:51,213 - INFO - 335 empresas com dados válidos após validaçăo.
2026-03-10 10:35:40,442 - INFO - Gerando site...
2026-03-10 10:53:15,274 - INFO - inicando pipeline
2026-03-10 10:53:16,395 - INFO - 889 Ativos encontrados para análise.
2026-03-10 10:53:19,840 - ERROR - $P2ST34.SA: possibly delisted; no price data found  (period=5d)
2026-03-10 10:53:21,342 - ERROR - $G1RM34.SA: possibly delisted; no price data found  (period=5d)
2026-03-10 10:53:21,365 - ERROR - $PHGN34.SA: possibly delisted; no price data found  (period=5d)
2026-03-10 10:53:21,523 - ERROR - $P2TC34.SA: possibly delisted; no price data found  (period=5d)
2026-03-10 10:53:24,712 - ERROR - $A1JG34.SA: possibly delisted; no price data found  (period=5d)
2026-03-10 10:53:25,575 - ERROR - $CTSA4.SA: possibly delisted; no price data found  (period=5d)
2026-03-10 10:53:39,969 - ERROR - $BDLL3.SA: possibly delisted; no price data found  (period=5d)
2026-03-10 10:53:42,682 - ERROR - $B1MR34.SA: possibly delisted; no price data found  (period=5d)
2026-03-10 10:53:46,840 - ERROR - $M1SI34.SA: possibly delisted; no price data found  (period=5d)
2026-03-10 10:53:52,294 - ERROR - $J2WA34.SA: possibly delisted; no price data found  (period=5d)
2026-03-10 10:53:53,729 - ERROR - $FIGE3.SA: possibly delisted; no price data found  (period=5d)
2026-03-10 10:53:54,229 - ERROR - $EQPA5.SA: possibly delisted; no price data found  (period=5d)
2026-03-10 10:53:57,696 - ERROR - $VRSN34.SA: possibly delisted; no price data found  (period=5d)
2026-03-10 10:54:12,886 - ERROR - $CEEB5.SA: possibly delisted; no price data found  (period=5d)
2026-03-10 10:54:15,780 - ERROR - $O1KE34.SA: possibly delisted; no price data found  (period=5d)
2026-03-10 10:54:23,488 - ERROR - $SOND6.SA: possibly delisted; no price data found  (period=5d)
2026-03-10 10:54:30,550 - ERROR - $TSNF34.SA: possibly delisted; no price data found  (period=5d)
2026-03-10 10:54:32,102 - ERROR - $D2OC34.SA: possibly delisted; no price data found  (period=5d)
2026-03-10 10:54:35,795 - ERROR - $I2RS34.SA: possibly delisted; no price data found  (period=5d)
2026-03-10 10:54:47,051 - ERROR - $HSHY34.SA: possibly delisted; no price data found  (period=5d)
2026-03-10 10:54:51,151 - ERROR - $L1HX34.SA: possibly delisted; no price data found  (period=5d)
2026-03-10 10:54:51,454 - ERROR - $G2DD34.SA: possibly delisted; no price data found  (period=5d)
2026-03-10 10:54:51,955 - ERROR - $V1NO34.SA: possibly delisted; no price data found  (period=5d)
2026-03-10 10:54:52,841 - ERROR - $PLAS3.SA: possibly delisted; no price data found  (period=5d)
2026-03-10 10:54:54,413 - ERROR - $I1PC34.SA: possibly delisted; no price data found  (period=5d)
2026-03-10 10:54:54,938 - ERROR - $I1LM34.SA: possibly delisted; no price data found  (period=5d)
2026-03-10 10:54:55,600 - ERROR - $C1HR34.SA: possibly delisted; no price data found  (period=5d)
2026-03-10 10:54:56,508 - ERROR - $D1RI34.SA: possibly delisted; no price data found  (period=5d)
2026-03-10 10:54:56,597 - ERROR - $P2OD34.SA: possibly delisted; no price data found  (period=5d)
2026-03-10 10:55:03,332 - ERROR - $L1YV34.SA: possibly delisted; no price data found  (period=5d)
2026-03-10 10:55:05,322 - ERROR - $CTKA3.SA: possibly delisted; no price data found  (period=5d)
2026-03-10 10:55:09,642 - ERROR - $L1EG34.SA: possibly delisted; no price data found  (period=5d)
2026-03-10 10:55:19,672 - ERROR - $PATI3.SA: possibly delisted; no price data found  (period=5d)
2026-03-10 10:55:26,708 - ERROR - $H1TH34.SA: possibly delisted; no price data found  (period=5d)
2026-03-10 10:55:33,366 - ERROR - $AWII34.SA: possibly delisted; no price data found  (period=5d)
2026-03-10 10:55:40,946 - ERROR - $ENMT4.SA: possibly delisted; no price data found  (period=5d)
2026-03-10 10:55:41,937 - ERROR - $B1ME34.SA: possibly delisted; no price data found  (period=5d)
2026-03-10 10:55:44,718 - ERROR - $C1NP34.SA: possibly delisted; no price data found  (period=5d)
2026-03-10 10:55:58,089 - ERROR - $ICLR34.SA: possibly delisted; no price data found  (period=5d)
2026-03-10 10:56:01,625 - ERROR - $PEAB4.SA: possibly delisted; no price data found  (period=5d)
2026-03-10 10:56:05,163 - ERROR - $P2CY34.SA: possibly delisted; no price data found  (period=5d)
2026-03-10 10:56:09,100 - ERROR - $CGAS3.SA: possibly delisted; no price data found  (period=5d)
2026-03-10 10:59:02,788 - INFO - 510 empresas coletadas com dados fundamentalistas.
2026-03-10 10:59:02,794 - INFO - 377 empresas com dados válidos após validaçăo.
2026-03-10 10:59:52,701 - INFO - Gerando site...
